15:19:33 INFO  : Registering command handlers for SDK TCF services
15:19:34 INFO  : Launching XSCT server: xsct.bat -interactive C:\Users\pelaez\Documents\IoT\proy\temp_xsdb_launch_script.tcl
15:19:37 INFO  : XSCT server has started successfully.
15:19:37 INFO  : Successfully done setting XSCT server connection channel  
15:19:42 INFO  : Successfully done setting SDK workspace  
19:35:03 INFO  : Registering command handlers for SDK TCF services
19:35:05 INFO  : Launching XSCT server: xsct.bat -interactive C:\Users\pelaez\Documents\IoT\Digilent_Zybo\temp_xsdb_launch_script.tcl
19:35:09 INFO  : XSCT server has started successfully.
19:35:13 INFO  : Successfully done setting XSCT server connection channel  
19:35:13 INFO  : Successfully done setting SDK workspace  
19:35:33 INFO  : Connected to target on host '127.0.0.1' and port '3121'.
19:35:33 INFO  : Jtag cable 'Digilent Zybo 210279759359A' is selected.
19:35:33 INFO  : 'jtag frequency' command is executed.
19:35:33 INFO  : Sourcing of 'C:/Users/pelaez/Documents/IoT/Digilent_Zybo/zynq_wrapper_hw_platform1/ps7_init.tcl' is done.
19:35:33 INFO  : Context for 'APU' is selected.
19:35:34 INFO  : System reset is completed.
19:35:37 INFO  : 'after 3000' command is executed.
19:35:37 INFO  : 'targets -set -filter {jtag_cable_name =~ "Digilent Zybo 210279759359A" && level==0} -index 1' command is executed.
19:35:38 INFO  : FPGA configured successfully with bitstream "C:/Users/pelaez/Documents/IoT/Digilent_Zybo/zynq_wrapper_hw_platform1/design_1_wrapper.bit"
19:35:38 INFO  : Context for 'APU' is selected.
19:35:38 INFO  : Hardware design information is loaded from 'C:/Users/pelaez/Documents/IoT/Digilent_Zybo/zynq_wrapper_hw_platform1/system.hdf'.
19:35:38 INFO  : 'configparams force-mem-access 1' command is executed.
19:35:39 INFO  : Context for 'APU' is selected.
19:35:39 INFO  : 'ps7_init' command is executed.
19:35:39 INFO  : 'ps7_post_config' command is executed.
19:35:39 INFO  : Context for processor 'ps7_cortexa9_0' is selected.
19:35:39 INFO  : The application 'C:/Users/pelaez/Documents/IoT/Digilent_Zybo/holamundo/Debug/holamundo.elf' is downloaded to processor 'ps7_cortexa9_0'.
19:35:39 INFO  : 'configparams force-mem-access 0' command is executed.
19:35:39 INFO  : ----------------XSDB Script----------------
connect -url tcp:127.0.0.1:3121
source C:/Users/pelaez/Documents/IoT/Digilent_Zybo/zynq_wrapper_hw_platform1/ps7_init.tcl
targets -set -nocase -filter {name =~"APU*" && jtag_cable_name =~ "Digilent Zybo 210279759359A"} -index 0
rst -system
after 3000
targets -set -filter {jtag_cable_name =~ "Digilent Zybo 210279759359A" && level==0} -index 1
fpga -file C:/Users/pelaez/Documents/IoT/Digilent_Zybo/zynq_wrapper_hw_platform1/design_1_wrapper.bit
targets -set -nocase -filter {name =~"APU*" && jtag_cable_name =~ "Digilent Zybo 210279759359A"} -index 0
loadhw -hw C:/Users/pelaez/Documents/IoT/Digilent_Zybo/zynq_wrapper_hw_platform1/system.hdf -mem-ranges [list {0x40000000 0xbfffffff}]
configparams force-mem-access 1
targets -set -nocase -filter {name =~"APU*" && jtag_cable_name =~ "Digilent Zybo 210279759359A"} -index 0
ps7_init
ps7_post_config
targets -set -nocase -filter {name =~ "ARM*#0" && jtag_cable_name =~ "Digilent Zybo 210279759359A"} -index 0
dow C:/Users/pelaez/Documents/IoT/Digilent_Zybo/holamundo/Debug/holamundo.elf
configparams force-mem-access 0
----------------End of Script----------------

19:35:40 INFO  : Memory regions updated for context APU
19:35:40 INFO  : Context for processor 'ps7_cortexa9_0' is selected.
19:35:40 INFO  : 'con' command is executed.
19:35:40 INFO  : ----------------XSDB Script (After Launch)----------------
targets -set -nocase -filter {name =~ "ARM*#0" && jtag_cable_name =~ "Digilent Zybo 210279759359A"} -index 0
con
----------------End of Script----------------

19:35:40 INFO  : Launch script is exported to file 'C:\Users\pelaez\Documents\IoT\Digilent_Zybo\.sdk\launch_scripts\xilinx_c-c++_application_(system_debugger)\system_debugger_using_debug_holamundo.elf_on_local.tcl'
19:35:58 INFO  : Disconnected from the channel tcfchan#1.
19:35:59 INFO  : Connected to target on host '127.0.0.1' and port '3121'.
19:35:59 INFO  : Jtag cable 'Digilent Zybo 210279759359A' is selected.
19:35:59 INFO  : 'jtag frequency' command is executed.
19:35:59 INFO  : Sourcing of 'C:/Users/pelaez/Documents/IoT/Digilent_Zybo/zynq_wrapper_hw_platform1/ps7_init.tcl' is done.
19:35:59 INFO  : Context for 'APU' is selected.
19:35:59 INFO  : System reset is completed.
19:36:02 INFO  : 'after 3000' command is executed.
19:36:02 INFO  : 'targets -set -filter {jtag_cable_name =~ "Digilent Zybo 210279759359A" && level==0} -index 1' command is executed.
19:36:04 INFO  : FPGA configured successfully with bitstream "C:/Users/pelaez/Documents/IoT/Digilent_Zybo/zynq_wrapper_hw_platform1/design_1_wrapper.bit"
19:36:04 INFO  : Context for 'APU' is selected.
19:36:06 INFO  : Hardware design information is loaded from 'C:/Users/pelaez/Documents/IoT/Digilent_Zybo/zynq_wrapper_hw_platform1/system.hdf'.
19:36:06 INFO  : 'configparams force-mem-access 1' command is executed.
19:36:06 INFO  : Context for 'APU' is selected.
19:36:06 INFO  : 'ps7_init' command is executed.
19:36:06 INFO  : 'ps7_post_config' command is executed.
19:36:07 INFO  : Context for processor 'ps7_cortexa9_0' is selected.
19:36:07 INFO  : The application 'C:/Users/pelaez/Documents/IoT/Digilent_Zybo/holamundo/Debug/holamundo.elf' is downloaded to processor 'ps7_cortexa9_0'.
19:36:07 INFO  : 'configparams force-mem-access 0' command is executed.
19:36:07 INFO  : ----------------XSDB Script----------------
connect -url tcp:127.0.0.1:3121
source C:/Users/pelaez/Documents/IoT/Digilent_Zybo/zynq_wrapper_hw_platform1/ps7_init.tcl
targets -set -nocase -filter {name =~"APU*" && jtag_cable_name =~ "Digilent Zybo 210279759359A"} -index 0
rst -system
after 3000
targets -set -filter {jtag_cable_name =~ "Digilent Zybo 210279759359A" && level==0} -index 1
fpga -file C:/Users/pelaez/Documents/IoT/Digilent_Zybo/zynq_wrapper_hw_platform1/design_1_wrapper.bit
targets -set -nocase -filter {name =~"APU*" && jtag_cable_name =~ "Digilent Zybo 210279759359A"} -index 0
loadhw -hw C:/Users/pelaez/Documents/IoT/Digilent_Zybo/zynq_wrapper_hw_platform1/system.hdf -mem-ranges [list {0x40000000 0xbfffffff}]
configparams force-mem-access 1
targets -set -nocase -filter {name =~"APU*" && jtag_cable_name =~ "Digilent Zybo 210279759359A"} -index 0
ps7_init
ps7_post_config
targets -set -nocase -filter {name =~ "ARM*#0" && jtag_cable_name =~ "Digilent Zybo 210279759359A"} -index 0
dow C:/Users/pelaez/Documents/IoT/Digilent_Zybo/holamundo/Debug/holamundo.elf
configparams force-mem-access 0
----------------End of Script----------------

19:36:07 INFO  : Memory regions updated for context APU
19:36:07 INFO  : Context for processor 'ps7_cortexa9_0' is selected.
19:36:07 INFO  : 'con' command is executed.
19:36:07 INFO  : ----------------XSDB Script (After Launch)----------------
targets -set -nocase -filter {name =~ "ARM*#0" && jtag_cable_name =~ "Digilent Zybo 210279759359A"} -index 0
con
----------------End of Script----------------

19:36:07 INFO  : Launch script is exported to file 'C:\Users\pelaez\Documents\IoT\Digilent_Zybo\.sdk\launch_scripts\xilinx_c-c++_application_(system_debugger)\system_debugger_using_debug_holamundo.elf_on_local.tcl'
19:36:40 INFO  : Disconnected from the channel tcfchan#2.
16:24:42 INFO  : Registering command handlers for SDK TCF services
16:24:43 INFO  : Launching XSCT server: xsct.bat -interactive C:\Users\pelaez\Documents\IoT\Digilent_Zybo\temp_xsdb_launch_script.tcl
16:24:46 INFO  : XSCT server has started successfully.
16:24:46 INFO  : Successfully done setting XSCT server connection channel  
16:24:50 INFO  : Successfully done setting SDK workspace  
16:25:45 INFO  : Registering command handlers for SDK TCF services
16:25:46 INFO  : Launching XSCT server: xsct.bat -interactive C:\Users\pelaez\Documents\IoT\Digilent_Zybo\temp_xsdb_launch_script.tcl
16:25:48 INFO  : XSCT server has started successfully.
16:25:48 INFO  : Successfully done setting XSCT server connection channel  
16:25:48 INFO  : Successfully done setting SDK workspace  
19:38:02 INFO  : Registering command handlers for SDK TCF services
19:38:03 INFO  : Launching XSCT server: xsct.bat -interactive C:\Users\pelaez\Documents\IoT\Digilent_Zybo\temp_xsdb_launch_script.tcl
19:38:05 INFO  : XSCT server has started successfully.
19:38:05 INFO  : Successfully done setting XSCT server connection channel  
19:38:05 INFO  : Successfully done setting SDK workspace  
19:41:10 INFO  : Registering command handlers for SDK TCF services
19:41:11 INFO  : Launching XSCT server: xsct.bat -interactive C:\Users\pelaez\Documents\IoT\Digilent_Zybo\temp_xsdb_launch_script.tcl
19:41:15 INFO  : XSCT server has started successfully.
19:41:15 INFO  : Successfully done setting XSCT server connection channel  
19:41:20 INFO  : Successfully done setting SDK workspace  
16:30:35 INFO  : Registering command handlers for SDK TCF services
16:30:36 INFO  : Launching XSCT server: xsct.bat -interactive C:\Users\pelaez\Documents\IoT\Digilent_Zybo\temp_xsdb_launch_script.tcl
16:30:39 INFO  : XSCT server has started successfully.
16:30:43 INFO  : Successfully done setting XSCT server connection channel  
16:30:43 INFO  : Successfully done setting SDK workspace  
