#-----------------------------------------------------------
# Webtalk v2019.1 (64-bit)
# SW Build 2552052 on Fri May 24 14:49:42 MDT 2019
# 
# Start of session at: Sat Nov 23 12:20:05 2024
# Process ID: 10496
# Current directory: C:/Datos/Pablo/IOT/1semestre/Sistemas_digitales_embebidos/Practicas/proy/webtalk
# Command line: wbtcv.exe -mode batch -source sdk_webtalk.tcl
# Log file: C:/Datos/Pablo/IOT/1semestre/Sistemas_digitales_embebidos/Practicas/proy/webtalk/webtalk.log
# Journal file: C:/Datos/Pablo/IOT/1semestre/Sistemas_digitales_embebidos/Practicas/proy/webtalk\webtalk.jou
#-----------------------------------------------------------
source sdk_webtalk.tcl
# webtalk_init -webtalk_dir C:\\Datos\\Pablo\\IOT\\1semestre\\Sistemas_digitales_embebidos\\Practicas\\proy\\webtalk
# webtalk_register_client -client project
# webtalk_add_data -client project -key date_generated -value "2024-11-23 12:20:04" -context "software_version_and_target_device"
# webtalk_add_data -client project -key product_version -value "SDK v2019.1" -context "software_version_and_target_device"
# webtalk_add_data -client project -key build_version -value "2019.1" -context "software_version_and_target_device"
# webtalk_add_data -client project -key os_platform -value "amd64" -context "software_version_and_target_device"
# webtalk_add_data -client project -key registration_id -value "" -context "software_version_and_target_device"
# webtalk_add_data -client project -key tool_flow -value "SDK" -context "software_version_and_target_device"
# webtalk_add_data -client project -key beta -value "false" -context "software_version_and_target_device"
# webtalk_add_data -client project -key route_design -value "NA" -context "software_version_and_target_device"
# webtalk_add_data -client project -key target_family -value "NA" -context "software_version_and_target_device"
# webtalk_add_data -client project -key target_device -value "NA" -context "software_version_and_target_device"
# webtalk_add_data -client project -key target_package -value "NA" -context "software_version_and_target_device"
# webtalk_add_data -client project -key target_speed -value "NA" -context "software_version_and_target_device"
# webtalk_add_data -client project -key random_id -value "3bhoved1aurvorcrnqee313v4" -context "software_version_and_target_device"
# webtalk_add_data -client project -key project_id -value "2019.1_3" -context "software_version_and_target_device"
# webtalk_add_data -client project -key project_iteration -value "3" -context "software_version_and_target_device"
# webtalk_add_data -client project -key os_name -value "Microsoft Windows 8 or later , 64-bit" -context "user_environment"
# webtalk_add_data -client project -key os_release -value "major release  (build 9200)" -context "user_environment"
# webtalk_add_data -client project -key cpu_name -value "Intel(R) Core(TM) Ultra 5 125H" -context "user_environment"
# webtalk_add_data -client project -key cpu_speed -value "2995 MHz" -context "user_environment"
# webtalk_add_data -client project -key total_processors -value "1" -context "user_environment"
# webtalk_add_data -client project -key system_ram -value "16.740 GB" -context "user_environment"
# webtalk_register_client -client sdk
# webtalk_add_data -client sdk -key uid -value "1732355026809" -context "sdk\\\\hardware/1732355026809"
# webtalk_add_data -client sdk -key isZynq -value "true" -context "sdk\\\\hardware/1732355026809"
# webtalk_add_data -client sdk -key isZynqMP -value "false" -context "sdk\\\\hardware/1732355026809"
# webtalk_add_data -client sdk -key Processors -value "2" -context "sdk\\\\hardware/1732355026809"
# webtalk_add_data -client sdk -key VivadoVersion -value "2019.1" -context "sdk\\\\hardware/1732355026809"
# webtalk_add_data -client sdk -key Arch -value "zynq" -context "sdk\\\\hardware/1732355026809"
# webtalk_add_data -client sdk -key Device -value "7z010" -context "sdk\\\\hardware/1732355026809"
# webtalk_add_data -client sdk -key IsHandoff -value "true" -context "sdk\\\\hardware/1732355026809"
# webtalk_add_data -client sdk -key os -value "NA" -context "sdk\\\\hardware/1732355026809"
# webtalk_add_data -client sdk -key apptemplate -value "NA" -context "sdk\\\\hardware/1732355026809"
# webtalk_add_data -client sdk -key RecordType -value "HWCreation" -context "sdk\\\\hardware/1732355026809"
# webtalk_add_data -client sdk -key uid -value "1732355073631" -context "sdk\\\\bsp/1732355073631"
# webtalk_add_data -client sdk -key hwid -value "1732355026809" -context "sdk\\\\bsp/1732355073631"
# webtalk_add_data -client sdk -key os -value "standalone" -context "sdk\\\\bsp/1732355073631"
# webtalk_add_data -client sdk -key apptemplate -value "null" -context "sdk\\\\bsp/1732355073631"
# webtalk_add_data -client sdk -key RecordType -value "BSPCreation" -context "sdk\\\\bsp/1732355073631"
# webtalk_add_data -client sdk -key uid -value "1732355255012" -context "sdk\\\\application/1732355255012"
# webtalk_add_data -client sdk -key hwid -value "1732355026809" -context "sdk\\\\application/1732355255012"
# webtalk_add_data -client sdk -key bspid -value "1732355073631" -context "sdk\\\\application/1732355255012"
# webtalk_add_data -client sdk -key newbsp -value "false" -context "sdk\\\\application/1732355255012"
# webtalk_add_data -client sdk -key os -value "standalone" -context "sdk\\\\application/1732355255012"
# webtalk_add_data -client sdk -key apptemplate -value "hello_world" -context "sdk\\\\application/1732355255012"
# webtalk_add_data -client sdk -key RecordType -value "APPCreation" -context "sdk\\\\application/1732355255012"
# webtalk_add_data -client sdk -key LangUsed -value "C" -context "sdk\\\\application/1732355255012"
# webtalk_add_data -client sdk -key Procused -value "ps7_cortexa9" -context "sdk\\\\application/1732355255012"
# webtalk_add_data -client sdk -key uid -value "1732356028496" -context "sdk\\\\application/1732356028496"
# webtalk_add_data -client sdk -key hwid -value "1732355026809" -context "sdk\\\\application/1732356028496"
# webtalk_add_data -client sdk -key bspid -value "1732355073631" -context "sdk\\\\application/1732356028496"
# webtalk_add_data -client sdk -key newbsp -value "false" -context "sdk\\\\application/1732356028496"
# webtalk_add_data -client sdk -key os -value "standalone" -context "sdk\\\\application/1732356028496"
# webtalk_add_data -client sdk -key apptemplate -value "hello_world" -context "sdk\\\\application/1732356028496"
# webtalk_add_data -client sdk -key RecordType -value "APPCreation" -context "sdk\\\\application/1732356028496"
# webtalk_add_data -client sdk -key LangUsed -value "C" -context "sdk\\\\application/1732356028496"
# webtalk_add_data -client sdk -key Procused -value "ps7_cortexa9" -context "sdk\\\\application/1732356028496"
# webtalk_add_data -client sdk -key projSize -value "214.609375" -context "sdk\\\\application/1732356028496"
# webtalk_add_data -client sdk -key uid -value "1732356581332" -context "sdk\\\\application/1732356581332"
# webtalk_add_data -client sdk -key hwid -value "1732355026809" -context "sdk\\\\application/1732356581332"
# webtalk_add_data -client sdk -key bspid -value "1732355073631" -context "sdk\\\\application/1732356581332"
# webtalk_add_data -client sdk -key newbsp -value "false" -context "sdk\\\\application/1732356581332"
# webtalk_add_data -client sdk -key os -value "standalone" -context "sdk\\\\application/1732356581332"
# webtalk_add_data -client sdk -key apptemplate -value "hello_world" -context "sdk\\\\application/1732356581332"
# webtalk_add_data -client sdk -key RecordType -value "APPCreation" -context "sdk\\\\application/1732356581332"
# webtalk_add_data -client sdk -key LangUsed -value "C" -context "sdk\\\\application/1732356581332"
# webtalk_add_data -client sdk -key Procused -value "ps7_cortexa9" -context "sdk\\\\application/1732356581332"
# webtalk_add_data -client sdk -key projSize -value "298.1875" -context "sdk\\\\application/1732356581332"
# webtalk_add_data -client sdk -key uid -value "1732357108091" -context "sdk\\\\application/1732357108091"
# webtalk_add_data -client sdk -key hwid -value "1732355026809" -context "sdk\\\\application/1732357108091"
# webtalk_add_data -client sdk -key bspid -value "1732355073631" -context "sdk\\\\application/1732357108091"
# webtalk_add_data -client sdk -key newbsp -value "false" -context "sdk\\\\application/1732357108091"
# webtalk_add_data -client sdk -key os -value "standalone" -context "sdk\\\\application/1732357108091"
# webtalk_add_data -client sdk -key apptemplate -value "hello_world" -context "sdk\\\\application/1732357108091"
# webtalk_add_data -client sdk -key RecordType -value "APPCreation" -context "sdk\\\\application/1732357108091"
# webtalk_add_data -client sdk -key LangUsed -value "C" -context "sdk\\\\application/1732357108091"
# webtalk_add_data -client sdk -key Procused -value "ps7_cortexa9" -context "sdk\\\\application/1732357108091"
# webtalk_add_data -client sdk -key projSize -value "290.1796875" -context "sdk\\\\application/1732357108091"
# webtalk_add_data -client sdk -key uid -value "NA" -context "sdk\\\\bsp/1732360804229"
# webtalk_add_data -client sdk -key RecordType -value "ToolUsage" -context "sdk\\\\bsp/1732360804229"
# webtalk_add_data -client sdk -key BootgenCount -value "0" -context "sdk\\\\bsp/1732360804229"
# webtalk_add_data -client sdk -key DebugCount -value "16" -context "sdk\\\\bsp/1732360804229"
# webtalk_add_data -client sdk -key PerfCount -value "0" -context "sdk\\\\bsp/1732360804229"
# webtalk_add_data -client sdk -key FlashCount -value "0" -context "sdk\\\\bsp/1732360804229"
# webtalk_add_data -client sdk -key CrossTriggCount -value "0" -context "sdk\\\\bsp/1732360804229"
# webtalk_add_data -client sdk -key QemuDebugCount -value "0" -context "sdk\\\\bsp/1732360804229"
# webtalk_transmit -clientid 3120334238 -regid "" -xml C:\\Datos\\Pablo\\IOT\\1semestre\\Sistemas_digitales_embebidos\\Practicas\\proy\\webtalk\\usage_statistics_ext_sdk.xml -html C:\\Datos\\Pablo\\IOT\\1semestre\\Sistemas_digitales_embebidos\\Practicas\\proy\\webtalk\\usage_statistics_ext_sdk.html -wdm C:\\Datos\\Pablo\\IOT\\1semestre\\Sistemas_digitales_embebidos\\Practicas\\proy\\webtalk\\sdk_webtalk.wdm -intro "<H3>SDK Usage Report</H3><BR>"
# webtalk_terminate
INFO: [Common 17-206] Exiting Webtalk at Sat Nov 23 12:20:07 2024...
